C:\Users\Ashok\Documents\Visual Studio 2015\Projects\angularproj\ng2prac\ng2prac\src\app\employee\employeecount.component.js
C:\Users\Ashok\Documents\Visual Studio 2015\Projects\angularproj\ng2prac\ng2prac\src\app\employee\employeecount.component.js.map
C:\Users\Ashok\Documents\Visual Studio 2015\Projects\angularproj\ng2prac\ng2prac\src\app\employee\employee.js
C:\Users\Ashok\Documents\Visual Studio 2015\Projects\angularproj\ng2prac\ng2prac\src\app\employee\employee.js.map
C:\Users\Ashok\Documents\Visual Studio 2015\Projects\angularproj\ng2prac\ng2prac\src\app\employee\employee.service.js
C:\Users\Ashok\Documents\Visual Studio 2015\Projects\angularproj\ng2prac\ng2prac\src\app\employee\employee.service.js.map
C:\Users\Ashok\Documents\Visual Studio 2015\Projects\angularproj\ng2prac\ng2prac\src\app\employee\userPreferences.service.js
C:\Users\Ashok\Documents\Visual Studio 2015\Projects\angularproj\ng2prac\ng2prac\src\app\employee\userPreferences.service.js.map
C:\Users\Ashok\Documents\Visual Studio 2015\Projects\angularproj\ng2prac\ng2prac\src\app\employee\employeeList.component.js
C:\Users\Ashok\Documents\Visual Studio 2015\Projects\angularproj\ng2prac\ng2prac\src\app\employee\employeeList.component.js.map
C:\Users\Ashok\Documents\Visual Studio 2015\Projects\angularproj\ng2prac\ng2prac\src\app\app.component.js
C:\Users\Ashok\Documents\Visual Studio 2015\Projects\angularproj\ng2prac\ng2prac\src\app\app.component.js.map
C:\Users\Ashok\Documents\Visual Studio 2015\Projects\angularproj\ng2prac\ng2prac\src\app\home\home.component.js
C:\Users\Ashok\Documents\Visual Studio 2015\Projects\angularproj\ng2prac\ng2prac\src\app\home\home.component.js.map
C:\Users\Ashok\Documents\Visual Studio 2015\Projects\angularproj\ng2prac\ng2prac\src\app\other\pageNotFound.component.js
C:\Users\Ashok\Documents\Visual Studio 2015\Projects\angularproj\ng2prac\ng2prac\src\app\other\pageNotFound.component.js.map
C:\Users\Ashok\Documents\Visual Studio 2015\Projects\angularproj\ng2prac\ng2prac\src\app\employee\employee.component.js
C:\Users\Ashok\Documents\Visual Studio 2015\Projects\angularproj\ng2prac\ng2prac\src\app\employee\employee.component.js.map
C:\Users\Ashok\Documents\Visual Studio 2015\Projects\angularproj\ng2prac\ng2prac\src\app\other\test.component.js
C:\Users\Ashok\Documents\Visual Studio 2015\Projects\angularproj\ng2prac\ng2prac\src\app\other\test.component.js.map
C:\Users\Ashok\Documents\Visual Studio 2015\Projects\angularproj\ng2prac\ng2prac\src\app\student\IStudent.js
C:\Users\Ashok\Documents\Visual Studio 2015\Projects\angularproj\ng2prac\ng2prac\src\app\student\IStudent.js.map
C:\Users\Ashok\Documents\Visual Studio 2015\Projects\angularproj\ng2prac\ng2prac\src\app\student\studentlist.component.js
C:\Users\Ashok\Documents\Visual Studio 2015\Projects\angularproj\ng2prac\ng2prac\src\app\student\studentlist.component.js.map
C:\Users\Ashok\Documents\Visual Studio 2015\Projects\angularproj\ng2prac\ng2prac\src\app\app.module.js
C:\Users\Ashok\Documents\Visual Studio 2015\Projects\angularproj\ng2prac\ng2prac\src\app\app.module.js.map
C:\Users\Ashok\Documents\Visual Studio 2015\Projects\angularproj\ng2prac\ng2prac\src\main.js
C:\Users\Ashok\Documents\Visual Studio 2015\Projects\angularproj\ng2prac\ng2prac\src\main.js.map
C:\Users\Ashok\Documents\Visual Studio 2015\Projects\angularproj\ng2prac\ng2prac\src\app\app.component.spec.js
C:\Users\Ashok\Documents\Visual Studio 2015\Projects\angularproj\ng2prac\ng2prac\src\app\app.component.spec.js.map
C:\Users\Ashok\Documents\Visual Studio 2015\Projects\angularproj\ng2prac\ng2prac\src\ComputerArchitecture\Computer.js
C:\Users\Ashok\Documents\Visual Studio 2015\Projects\angularproj\ng2prac\ng2prac\src\ComputerArchitecture\Computer.js.map
