C:\Users\ashok\Documents\Visual Studio 2015\Projects\Angular2\ng2prac\ng2prac\src\app\employee\employeecount.component.js
C:\Users\ashok\Documents\Visual Studio 2015\Projects\Angular2\ng2prac\ng2prac\src\app\employee\employeecount.component.js.map
C:\Users\ashok\Documents\Visual Studio 2015\Projects\Angular2\ng2prac\ng2prac\src\app\employee\employee.js
C:\Users\ashok\Documents\Visual Studio 2015\Projects\Angular2\ng2prac\ng2prac\src\app\employee\employee.js.map
C:\Users\ashok\Documents\Visual Studio 2015\Projects\Angular2\ng2prac\ng2prac\src\app\employee\employee.service.js
C:\Users\ashok\Documents\Visual Studio 2015\Projects\Angular2\ng2prac\ng2prac\src\app\employee\employee.service.js.map
C:\Users\ashok\Documents\Visual Studio 2015\Projects\Angular2\ng2prac\ng2prac\src\app\employee\employeeList.component.js
C:\Users\ashok\Documents\Visual Studio 2015\Projects\Angular2\ng2prac\ng2prac\src\app\employee\employeeList.component.js.map
C:\Users\ashok\Documents\Visual Studio 2015\Projects\Angular2\ng2prac\ng2prac\src\app\app.component.js
C:\Users\ashok\Documents\Visual Studio 2015\Projects\Angular2\ng2prac\ng2prac\src\app\app.component.js.map
C:\Users\ashok\Documents\Visual Studio 2015\Projects\Angular2\ng2prac\ng2prac\src\app\home\home.component.js
C:\Users\ashok\Documents\Visual Studio 2015\Projects\Angular2\ng2prac\ng2prac\src\app\home\home.component.js.map
C:\Users\ashok\Documents\Visual Studio 2015\Projects\Angular2\ng2prac\ng2prac\src\app\other\pageNotFound.Component.js
C:\Users\ashok\Documents\Visual Studio 2015\Projects\Angular2\ng2prac\ng2prac\src\app\other\pageNotFound.Component.js.map
C:\Users\ashok\Documents\Visual Studio 2015\Projects\Angular2\ng2prac\ng2prac\src\app\app.module.js
C:\Users\ashok\Documents\Visual Studio 2015\Projects\Angular2\ng2prac\ng2prac\src\app\app.module.js.map
C:\Users\ashok\Documents\Visual Studio 2015\Projects\Angular2\ng2prac\ng2prac\src\main.js
C:\Users\ashok\Documents\Visual Studio 2015\Projects\Angular2\ng2prac\ng2prac\src\main.js.map
C:\Users\ashok\Documents\Visual Studio 2015\Projects\Angular2\ng2prac\ng2prac\src\app\app.component.spec.js
C:\Users\ashok\Documents\Visual Studio 2015\Projects\Angular2\ng2prac\ng2prac\src\app\app.component.spec.js.map
